<?xml version="1.0" encoding="UTF-8"?>
<!-- Generated by org.testng.reporters.JUnitReportReporter -->
<testsuite hostname="WINDOWS-LK44MIA" failures="0" tests="3" name="rs.hooloovoo.test.LoginTest" time="0.086" errors="0" timestamp="12 Dec 2020 20:05:00 GMT">
  <testcase classname="rs.hooloovoo.test.LoginTest" name="allMethods" time="0.019"/>
  <testcase classname="rs.hooloovoo.test.LoginTest" name="aRegularCall" time="0.039"/>
  <testcase classname="rs.hooloovoo.test.LoginTest" name="allMethods" time="0.028"/>
</testsuite> <!-- rs.hooloovoo.test.LoginTest -->
