<?xml version="1.0" encoding="UTF-8"?>
<!-- Generated by org.testng.reporters.JUnitReportReporter -->
<testsuite hostname="WINDOWS-LK44MIA" failures="0" tests="8" name="rs.hooloovoo.test.GetAuditTest" time="1.851" errors="0" timestamp="12 Dec 2020 20:05:00 GMT">
  <testcase classname="rs.hooloovoo.test.GetAuditTest" name="allMethods" time="0.044"/>
  <testcase classname="rs.hooloovoo.test.GetAuditTest" name="aRegularCallAllActions" time="0.054"/>
  <testcase classname="rs.hooloovoo.test.GetAuditTest" name="allMethods" time="1.115"/>
  <testcase classname="rs.hooloovoo.test.GetAuditTest" name="aRegularCallAllActions" time="0.050"/>
  <testcase classname="rs.hooloovoo.test.GetAuditTest" name="aRegularCallAllActions" time="0.073"/>
  <testcase classname="rs.hooloovoo.test.GetAuditTest" name="allMethods" time="0.049"/>
  <testcase classname="rs.hooloovoo.test.GetAuditTest" name="aRegularCall" time="0.394"/>
  <testcase classname="rs.hooloovoo.test.GetAuditTest" name="aRegularCallAllActions" time="0.072"/>
</testsuite> <!-- rs.hooloovoo.test.GetAuditTest -->
