<?xml version="1.0" encoding="UTF-8"?>
<!-- Generated by org.testng.reporters.JUnitReportReporter -->
<testsuite hostname="WINDOWS-LK44MIA" failures="0" tests="8" name="rs.hooloovoo.test.GetUserTest" time="1.732" errors="0" timestamp="12 Dec 2020 20:05:00 GMT">
  <testcase classname="rs.hooloovoo.test.GetUserTest" name="allMethods" time="0.035"/>
  <testcase classname="rs.hooloovoo.test.GetUserTest" name="usernameToLowcase" time="1.108"/>
  <testcase classname="rs.hooloovoo.test.GetUserTest" name="allMethods" time="0.039"/>
  <testcase classname="rs.hooloovoo.test.GetUserTest" name="nonExitsingUser" time="0.066"/>
  <testcase classname="rs.hooloovoo.test.GetUserTest" name="usernameToUPcase" time="0.053"/>
  <testcase classname="rs.hooloovoo.test.GetUserTest" name="allMethods" time="0.251"/>
  <testcase classname="rs.hooloovoo.test.GetUserTest" name="usernameSpec" time="0.035"/>
  <testcase classname="rs.hooloovoo.test.GetUserTest" name="aRegularCall" time="0.145"/>
</testsuite> <!-- rs.hooloovoo.test.GetUserTest -->
