<?xml version="1.0" encoding="UTF-8"?>
<!-- Generated by org.testng.reporters.JUnitReportReporter -->
<testsuite hostname="WINDOWS-LK44MIA" failures="0" tests="14" name="rs.hooloovoo.test.CreateUserTest" time="1.358" errors="1" timestamp="12 Dec 2020 20:05:00 GMT">
  <testcase classname="rs.hooloovoo.test.CreateUserTest" name="aRegularCallSpecific" time="0.011">
    <error message="Bad response code:  expected:&lt;201&gt; but was:&lt;400&gt;" type="java.lang.AssertionError">
      <![CDATA[java.lang.AssertionError: Bad response code:  expected:<201> but was:<400>
	at org.junit.Assert.fail(Assert.java:88)
	at org.junit.Assert.failNotEquals(Assert.java:834)
	at org.junit.Assert.assertEquals(Assert.java:645)
	at rs.hooloovoo.test.CreateUserTest.aRegularCallSpecific(CreateUserTest.java:92)
	at java.base/jdk.internal.reflect.NativeMethodAccessorImpl.invoke0(Native Method)
	at java.base/jdk.internal.reflect.NativeMethodAccessorImpl.invoke(NativeMethodAccessorImpl.java:62)
	at java.base/jdk.internal.reflect.DelegatingMethodAccessorImpl.invoke(DelegatingMethodAccessorImpl.java:43)
	at java.base/java.lang.reflect.Method.invoke(Method.java:566)
	at org.testng.internal.MethodInvocationHelper.invokeMethod(MethodInvocationHelper.java:80)
	at org.testng.internal.Invoker.invokeMethod(Invoker.java:714)
	at org.testng.internal.Invoker.invokeTestMethod(Invoker.java:901)
	at org.testng.internal.Invoker.invokeTestMethods(Invoker.java:1231)
	at org.testng.internal.TestMethodWorker.invokeTestMethods(TestMethodWorker.java:127)
	at org.testng.internal.TestMethodWorker.run(TestMethodWorker.java:111)
	at java.base/java.util.concurrent.ThreadPoolExecutor.runWorker(ThreadPoolExecutor.java:1128)
	at java.base/java.util.concurrent.ThreadPoolExecutor$Worker.run(ThreadPoolExecutor.java:628)
	at java.base/java.lang.Thread.run(Thread.java:834)
]]>
    </error>
  </testcase> <!-- aRegularCallSpecific -->
  <testcase classname="rs.hooloovoo.test.CreateUserTest" name="aRegularCall" time="1.044"/>
  <testcase classname="rs.hooloovoo.test.CreateUserTest" name="aRegularCallSpecific" time="0.047"/>
  <testcase classname="rs.hooloovoo.test.CreateUserTest" name="usernameCheck" time="0.072"/>
  <testcase classname="rs.hooloovoo.test.CreateUserTest" name="usernameCheck" time="0.010"/>
  <testcase classname="rs.hooloovoo.test.CreateUserTest" name="usernameCheck" time="0.014"/>
  <testcase classname="rs.hooloovoo.test.CreateUserTest" name="aRegularCallSpecific" time="0.015"/>
  <testcase classname="rs.hooloovoo.test.CreateUserTest" name="aRegularCallSpecific" time="0.032"/>
  <testcase classname="rs.hooloovoo.test.CreateUserTest" name="aRegularCallSpecific" time="0.015"/>
  <testcase classname="rs.hooloovoo.test.CreateUserTest" name="usernameCheck" time="0.009"/>
  <testcase classname="rs.hooloovoo.test.CreateUserTest" name="aRegularCallSpecific" time="0.012"/>
  <testcase classname="rs.hooloovoo.test.CreateUserTest" name="alreadyUsedUsername" time="0.020"/>
  <testcase classname="rs.hooloovoo.test.CreateUserTest" name="aRegularCallSpecific" time="0.045"/>
  <testcase classname="rs.hooloovoo.test.CreateUserTest" name="aRegularCallSpecific" time="0.012"/>
</testsuite> <!-- rs.hooloovoo.test.CreateUserTest -->
