<?xml version="1.0" encoding="UTF-8"?>
<!-- Generated by org.testng.reporters.JUnitReportReporter -->
<testsuite hostname="WINDOWS-LK44MIA" failures="0" tests="9" name="rs.hooloovoo.test.CreateAuditTest" time="2.275" errors="0" timestamp="12 Dec 2020 20:05:00 GMT">
  <testcase classname="rs.hooloovoo.test.CreateAuditTest" name="aRegularCallAllActions" time="0.055"/>
  <testcase classname="rs.hooloovoo.test.CreateAuditTest" name="allMethods" time="0.332"/>
  <testcase classname="rs.hooloovoo.test.CreateAuditTest" name="aRegularCallAllActions" time="0.393"/>
  <testcase classname="rs.hooloovoo.test.CreateAuditTest" name="sameActionsOneUser" time="0.133"/>
  <testcase classname="rs.hooloovoo.test.CreateAuditTest" name="aRegularCallAllActions" time="0.035"/>
  <testcase classname="rs.hooloovoo.test.CreateAuditTest" name="allMethods" time="0.022"/>
  <testcase classname="rs.hooloovoo.test.CreateAuditTest" name="allMethods" time="0.021"/>
  <testcase classname="rs.hooloovoo.test.CreateAuditTest" name="aRegularCallAllActions" time="0.068"/>
  <testcase classname="rs.hooloovoo.test.CreateAuditTest" name="allActionsOneUser" time="1.216"/>
</testsuite> <!-- rs.hooloovoo.test.CreateAuditTest -->
