<?xml version="1.0" encoding="UTF-8"?>
<!-- Generated by org.testng.reporters.JUnitReportReporter -->
<testsuite hostname="WINDOWS-LK44MIA" failures="0" tests="2" name="rs.hooloovoo.test.UsersTest" time="1.278" errors="0" timestamp="21 Apr 2020 00:22:05 GMT">
  <testcase classname="rs.hooloovoo.test.UsersTest" name="aRegularCall" time="1.090"/>
  <testcase classname="rs.hooloovoo.test.UsersTest" name="testUsers" time="0.188"/>
</testsuite> <!-- rs.hooloovoo.test.UsersTest -->
